1613365079525	geckodriver	INFO	Listening on 127.0.0.1:50115
1613365082562	mozrunner::runner	INFO	Running command: "C:\\Program Files\\Mozilla Firefox\\firefox.exe" "--marionette" "-headless" "-foreground" "-no-remote" "-profile" "C:\\Users\\NURSUL~1.KAB\\AppData\\Local\\Temp\\rust_mozprofilefaDHtD"
*** You are running in headless mode.
1613365125178	geckodriver	INFO	Listening on 127.0.0.1:50188
1613365128242	mozrunner::runner	INFO	Running command: "C:\\Program Files\\Mozilla Firefox\\firefox.exe" "--marionette" "-headless" "-foreground" "-no-remote" "-profile" "C:\\Users\\NURSUL~1.KAB\\AppData\\Local\\Temp\\rust_mozprofileEzcyuX"
*** You are running in headless mode.
console.warn: SearchSettings: "get: No settings file exists, new profile?" (new Error("", "(unknown module)"))
1613365129417	Marionette	INFO	Listening on port 50193
1613365129788	Marionette	WARN	TLS certificate errors will be ignored for this session
JavaScript error: http://selenium1py.pythonanywhere.com/ru/catalogue/coders-at-work_207/, line 614: ReferenceError: oscar is not defined
1613365133093	Marionette	INFO	Stopped listening on port 50193

###!!! [Parent][RunMessage] Error: Channel closing: too late to send/recv, messages will be lost

1613366706002	geckodriver	INFO	Listening on 127.0.0.1:50742
1613366709086	mozrunner::runner	INFO	Running command: "C:\\Program Files\\Mozilla Firefox\\firefox.exe" "--marionette" "-headless" "-foreground" "-no-remote" "-profile" "C:\\Users\\NURSUL~1.KAB\\AppData\\Local\\Temp\\rust_mozprofileOwxYsJ"
*** You are running in headless mode.
console.warn: SearchSettings: "get: No settings file exists, new profile?" (new Error("", "(unknown module)"))
1613366709994	Marionette	INFO	Listening on port 50748
1613366710127	Marionette	WARN	TLS certificate errors will be ignored for this session
1613366710310	Marionette	INFO	Stopped listening on port 50748
JavaScript error: resource://activity-stream/lib/ASRouter.jsm, line 987: NS_ERROR_ILLEGAL_VALUE: Component returned failure code: 0x80070057 (NS_ERROR_ILLEGAL_VALUE) [nsIObserverService.removeObserver]
console.warn: services.settings: main/message-groups sync interrupted by shutdown
console.error: Region.jsm: "Error fetching region" (new TypeError("NetworkError when attempting to fetch resource.", ""))
console.error: Region.jsm: "Failed to fetch region" (new Error("NO_RESULT", "resource://gre/modules/Region.jsm", 376))
1613366719120	geckodriver	INFO	Listening on 127.0.0.1:50778
1613366722199	mozrunner::runner	INFO	Running command: "C:\\Program Files\\Mozilla Firefox\\firefox.exe" "--marionette" "-headless" "-foreground" "-no-remote" "-profile" "C:\\Users\\NURSUL~1.KAB\\AppData\\Local\\Temp\\rust_mozprofile2OhqZi"
*** You are running in headless mode.
console.warn: SearchSettings: "get: No settings file exists, new profile?" (new Error("", "(unknown module)"))
1613366723274	Marionette	INFO	Listening on port 50784
1613366723746	Marionette	WARN	TLS certificate errors will be ignored for this session
1613366724021	Marionette	INFO	Stopped listening on port 50784
JavaScript error: resource://activity-stream/lib/ASRouter.jsm, line 987: NS_ERROR_ILLEGAL_VALUE: Component returned failure code: 0x80070057 (NS_ERROR_ILLEGAL_VALUE) [nsIObserverService.removeObserver]
[Parent 7916, Gecko_IOThread] WARNING: file /builds/worker/checkouts/gecko/ipc/chromium/src/base/process_util_win.cc:166
1613366735984	geckodriver	INFO	Listening on 127.0.0.1:50823
1613366739057	mozrunner::runner	INFO	Running command: "C:\\Program Files\\Mozilla Firefox\\firefox.exe" "--marionette" "-headless" "-foreground" "-no-remote" "-profile" "C:\\Users\\NURSUL~1.KAB\\AppData\\Local\\Temp\\rust_mozprofileaDrDWr"
*** You are running in headless mode.
console.warn: SearchSettings: "get: No settings file exists, new profile?" (new Error("", "(unknown module)"))
1613366740093	Marionette	INFO	Listening on port 50830
1613366740612	Marionette	WARN	TLS certificate errors will be ignored for this session
1613366740884	Marionette	INFO	Stopped listening on port 50830
JavaScript error: resource://activity-stream/lib/ASRouter.jsm, line 987: NS_ERROR_ILLEGAL_VALUE: Component returned failure code: 0x80070057 (NS_ERROR_ILLEGAL_VALUE) [nsIObserverService.removeObserver]
1613366749407	geckodriver	INFO	Listening on 127.0.0.1:50866
1613366752480	mozrunner::runner	INFO	Running command: "C:\\Program Files\\Mozilla Firefox\\firefox.exe" "--marionette" "-headless" "-foreground" "-no-remote" "-profile" "C:\\Users\\NURSUL~1.KAB\\AppData\\Local\\Temp\\rust_mozprofilennhYqN"
*** You are running in headless mode.
console.warn: SearchSettings: "get: No settings file exists, new profile?" (new Error("", "(unknown module)"))
1613366753424	Marionette	INFO	Listening on port 50873
1613366753515	Marionette	WARN	TLS certificate errors will be ignored for this session
1613366753681	Marionette	INFO	Stopped listening on port 50873
JavaScript error: resource://activity-stream/lib/ASRouter.jsm, line 987: NS_ERROR_ILLEGAL_VALUE: Component returned failure code: 0x80070057 (NS_ERROR_ILLEGAL_VALUE) [nsIObserverService.removeObserver]
console.error: Region.jsm: "Error fetching region" (new TypeError("NetworkError when attempting to fetch resource.", ""))
console.error: Region.jsm: "Failed to fetch region" (new Error("NO_RESULT", "resource://gre/modules/Region.jsm", 376))
